# JRE version: Java(TM) SE Runtime Environment (8.0_333-b02) (build 1.8.0_333-b02)
# Java VM: Java HotSpot(TM) 64-Bit Server VM (25.333-b02 mixed mode windows-amd64 compressed oops)
Heap:
 PSYoungGen      total 117760K, used 55381K [0x000000076c300000, 0x0000000774b80000, 0x00000007c0000000)
  eden space 105984K, 49% used [0x000000076c300000,0x000000076f650630,0x0000000772a80000)
  from space 11776K, 24% used [0x0000000773700000,0x00000007739c4f70,0x0000000774280000)
  to   space 12800K, 0% used [0x0000000772a80000,0x0000000772a80000,0x0000000773700000)
 ParOldGen       total 186368K, used 15062K [0x00000006c4800000, 0x00000006cfe00000, 0x000000076c300000)
  object space 186368K, 8% used [0x00000006c4800000,0x00000006c56b5a30,0x00000006cfe00000)
 Metaspace       used 37954K, capacity 40213K, committed 40368K, reserved 1083392K
  class space    used 5151K, capacity 5552K, committed 5552K, reserved 1048576K
GC Heap History (10 events):
Event: 1.102 GC heap before
{Heap before GC invocations=4 (full 1):
 PSYoungGen      total 75264K, used 64512K [0x000000076c300000, 0x0000000775600000, 0x00000007c0000000)
  eden space 64512K, 100% used [0x000000076c300000,0x0000000770200000,0x0000000770200000)
  from space 10752K, 0% used [0x0000000770c80000,0x0000000770c80000,0x0000000771700000)
  to   space 10752K, 0% used [0x0000000770200000,0x0000000770200000,0x0000000770c80000)
 ParOldGen       total 114688K, used 9601K [0x00000006c4800000, 0x00000006cb800000, 0x000000076c300000)
  object space 114688K, 8% used [0x00000006c4800000,0x00000006c5160738,0x00000006cb800000)
 Metaspace       used 24106K, capacity 24970K, committed 25264K, reserved 1071104K
  class space    used 3225K, capacity 3457K, committed 3504K, reserved 1048576K
Event: 1.105 GC heap after
Heap after GC invocations=4 (full 1):
 PSYoungGen      total 75264K, used 6286K [0x000000076c300000, 0x0000000772c00000, 0x00000007c0000000)
  eden space 64512K, 0% used [0x000000076c300000,0x000000076c300000,0x0000000770200000)
  from space 10752K, 58% used [0x0000000770200000,0x0000000770823bb8,0x0000000770c80000)
  to   space 10752K, 0% used [0x0000000772180000,0x0000000772180000,0x0000000772c00000)
 ParOldGen       total 114688K, used 9609K [0x00000006c4800000, 0x00000006cb800000, 0x000000076c300000)
  object space 114688K, 8% used [0x00000006c4800000,0x00000006c5162738,0x00000006cb800000)
 Metaspace       used 24106K, capacity 24970K, committed 25264K, reserved 1071104K
  class space    used 3225K, capacity 3457K, committed 3504K, reserved 1048576K
}
Event: 1.391 GC heap before
{Heap before GC invocations=5 (full 1):
 PSYoungGen      total 75264K, used 70798K [0x000000076c300000, 0x0000000772c00000, 0x00000007c0000000)
  eden space 64512K, 100% used [0x000000076c300000,0x0000000770200000,0x0000000770200000)
  from space 10752K, 58% used [0x0000000770200000,0x0000000770823bb8,0x0000000770c80000)
  to   space 10752K, 0% used [0x0000000772180000,0x0000000772180000,0x0000000772c00000)
 ParOldGen       total 114688K, used 9609K [0x00000006c4800000, 0x00000006cb800000, 0x000000076c300000)
  object space 114688K, 8% used [0x00000006c4800000,0x00000006c5162738,0x00000006cb800000)
 Metaspace       used 28640K, capacity 30194K, committed 30384K, reserved 1075200K
  class space    used 3915K, capacity 4215K, committed 4272K, reserved 1048576K
Event: 1.394 GC heap after
Heap after GC invocations=5 (full 1):
 PSYoungGen      total 94720K, used 8544K [0x000000076c300000, 0x0000000772b00000, 0x00000007c0000000)
  eden space 84992K, 0% used [0x000000076c300000,0x000000076c300000,0x0000000771600000)
  from space 9728K, 87% used [0x0000000772180000,0x00000007729d8110,0x0000000772b00000)
  to   space 10752K, 0% used [0x0000000771600000,0x0000000771600000,0x0000000772080000)
 ParOldGen       total 114688K, used 9617K [0x00000006c4800000, 0x00000006cb800000, 0x000000076c300000)
  object space 114688K, 8% used [0x00000006c4800000,0x00000006c5164738,0x00000006cb800000)
 Metaspace       used 28640K, capacity 30194K, committed 30384K, reserved 1075200K
  class space    used 3915K, capacity 4215K, committed 4272K, reserved 1048576K
}
Event: 6.334 GC heap before
{Heap before GC invocations=6 (full 1):
 PSYoungGen      total 94720K, used 76583K [0x000000076c300000, 0x0000000772b00000, 0x00000007c0000000)
  eden space 84992K, 80% used [0x000000076c300000,0x0000000770571b28,0x0000000771600000)
  from space 9728K, 87% used [0x0000000772180000,0x00000007729d8110,0x0000000772b00000)
  to   space 10752K, 0% used [0x0000000771600000,0x0000000771600000,0x0000000772080000)
 ParOldGen       total 114688K, used 9617K [0x00000006c4800000, 0x00000006cb800000, 0x000000076c300000)
  object space 114688K, 8% used [0x00000006c4800000,0x00000006c5164738,0x00000006cb800000)
 Metaspace       used 33798K, capacity 35458K, committed 35496K, reserved 1079296K
  class space    used 4556K, capacity 4875K, committed 4912K, reserved 1048576K
Event: 6.339 GC heap after
Heap after GC invocations=6 (full 1):
 PSYoungGen      total 95744K, used 10246K [0x000000076c300000, 0x0000000774280000, 0x00000007c0000000)
  eden space 84992K, 0% used [0x000000076c300000,0x000000076c300000,0x0000000771600000)
  from space 10752K, 95% used [0x0000000771600000,0x0000000772001b48,0x0000000772080000)
  to   space 11776K, 0% used [0x0000000773700000,0x0000000773700000,0x0000000774280000)
 ParOldGen       total 114688K, used 9625K [0x00000006c4800000, 0x00000006cb800000, 0x000000076c300000)
  object space 114688K, 8% used [0x00000006c4800000,0x00000006c5166738,0x00000006cb800000)
 Metaspace       used 33798K, capacity 35458K, committed 35496K, reserved 1079296K
  class space    used 4556K, capacity 4875K, committed 4912K, reserved 1048576K
}
Event: 6.339 GC heap before
{Heap before GC invocations=7 (full 2):
 PSYoungGen      total 95744K, used 10246K [0x000000076c300000, 0x0000000774280000, 0x00000007c0000000)
  eden space 84992K, 0% used [0x000000076c300000,0x000000076c300000,0x0000000771600000)
  from space 10752K, 95% used [0x0000000771600000,0x0000000772001b48,0x0000000772080000)
  to   space 11776K, 0% used [0x0000000773700000,0x0000000773700000,0x0000000774280000)
 ParOldGen       total 114688K, used 9625K [0x00000006c4800000, 0x00000006cb800000, 0x000000076c300000)
  object space 114688K, 8% used [0x00000006c4800000,0x00000006c5166738,0x00000006cb800000)
 Metaspace       used 33798K, capacity 35458K, committed 35496K, reserved 1079296K
  class space    used 4556K, capacity 4875K, committed 4912K, reserved 1048576K
Event: 6.371 GC heap after
Heap after GC invocations=7 (full 2):
 PSYoungGen      total 95744K, used 0K [0x000000076c300000, 0x0000000774280000, 0x00000007c0000000)
  eden space 84992K, 0% used [0x000000076c300000,0x000000076c300000,0x0000000771600000)
  from space 10752K, 0% used [0x0000000771600000,0x0000000771600000,0x0000000772080000)
  to   space 11776K, 0% used [0x0000000773700000,0x0000000773700000,0x0000000774280000)
 ParOldGen       total 186368K, used 15054K [0x00000006c4800000, 0x00000006cfe00000, 0x000000076c300000)
  object space 186368K, 8% used [0x00000006c4800000,0x00000006c56b3a30,0x00000006cfe00000)
 Metaspace       used 33798K, capacity 35458K, committed 35496K, reserved 1079296K
  class space    used 4556K, capacity 4875K, committed 4912K, reserved 1048576K
}
Event: 6.812 GC heap before
{Heap before GC invocations=8 (full 2):
 PSYoungGen      total 95744K, used 84992K [0x000000076c300000, 0x0000000774280000, 0x00000007c0000000)
  eden space 84992K, 100% used [0x000000076c300000,0x0000000771600000,0x0000000771600000)
  from space 10752K, 0% used [0x0000000771600000,0x0000000771600000,0x0000000772080000)
  to   space 11776K, 0% used [0x0000000773700000,0x0000000773700000,0x0000000774280000)
 ParOldGen       total 186368K, used 15054K [0x00000006c4800000, 0x00000006cfe00000, 0x000000076c300000)
  object space 186368K, 8% used [0x00000006c4800000,0x00000006c56b3a30,0x00000006cfe00000)
 Metaspace       used 35445K, capacity 37252K, committed 37424K, reserved 1081344K
  class space    used 4794K, capacity 5168K, committed 5168K, reserved 1048576K
Event: 6.816 GC heap after
Heap after GC invocations=8 (full 2):
 PSYoungGen      total 117760K, used 2835K [0x000000076c300000, 0x0000000774b80000, 0x00000007c0000000)
  eden space 105984K, 0% used [0x000000076c300000,0x000000076c300000,0x0000000772a80000)
  from space 11776K, 24% used [0x0000000773700000,0x00000007739c4f70,0x0000000774280000)
  to   space 12800K, 0% used [0x0000000772a80000,0x0000000772a80000,0x0000000773700000)
 ParOldGen       total 186368K, used 15062K [0x00000006c4800000, 0x00000006cfe00000, 0x000000076c300000)
  object space 186368K, 8% used [0x00000006c4800000,0x00000006c56b5a30,0x00000006cfe00000)
 Metaspace       used 35445K, capacity 37252K, committed 37424K, reserved 1081344K
  class space    used 4794K, capacity 5168K, committed 5168K, reserved 1048576K
}

